2025-12-08 17:09:58,357 - TRATAMENTO - INFO - Iniciando a função tratamento_arquivos_csv_IBGE_SIDRA...
2025-12-08 17:09:58,357 - TRATAMENTO - INFO - ------------------------------------------------------------------------------------------------------------------------
2025-12-08 17:09:58,357 - TRATAMENTO - INFO - Iniciando a leitura e tratamento do arquivo: quantidade_de_homens_por_municipio.csv.
2025-12-08 17:09:58,359 - TRATAMENTO - INFO - Iniciando a remoção das colunas com valores Nulos e formatação do dataset.
2025-12-08 17:09:58,360 - TRATAMENTO - INFO - SUCESSO: Linha '220' ('Fonte: IBGE') e as subsequentes foram removidas.
2025-12-08 17:09:58,362 - TRATAMENTO - INFO - SUCESSO: Linhas descartadas antes do primeiro município. Novo DataFrame começa com o Cód. '2100055'.
2025-12-08 17:09:58,362 - TRATAMENTO - INFO - Finalização do processo de remoção das colunas com valores Nulos e formatação do dataset.
2025-12-08 17:09:58,362 - TRATAMENTO - INFO - Iniciando a conversão de tipos. Buscando colunas 'ano' ou 'idade' para 'Int64'.
2025-12-08 17:09:58,363 - TRATAMENTO - INFO - SUCESSO: Coluna 'Ano x Sexo x Idade' (tipo anterior: int64) convertida para 'Int64' (suporte a nulos).
2025-12-08 17:09:58,363 - TRATAMENTO - INFO - Fim da verificação de tipo. Total de 1 coluna(s) convertida(s).
2025-12-08 17:09:58,364 - TRATAMENTO - INFO - Finalização da leitura e tratamento do arquivo: quantidade_de_homens_por_municipio.csv.
2025-12-08 17:09:58,365 - TRATAMENTO - INFO - Arquivo quantidade_de_homens_por_municipio_limpo salvo com sucesso na pasta: arquivos-limpos
2025-12-08 17:09:58,365 - TRATAMENTO - INFO - ------------------------------------------------------------------------------------------------------------------------
2025-12-08 17:09:58,365 - TRATAMENTO - INFO - Iniciando a leitura e tratamento do arquivo: população_residente_por_municipio.csv.
2025-12-08 17:09:58,366 - TRATAMENTO - INFO - Iniciando a remoção das colunas com valores Nulos e formatação do dataset.
2025-12-08 17:09:58,367 - TRATAMENTO - INFO - SUCESSO: Linha '219' ('Fonte: IBGE') e as subsequentes foram removidas.
2025-12-08 17:09:58,368 - TRATAMENTO - INFO - SUCESSO: Linhas descartadas antes do primeiro município. Novo DataFrame começa com o Cód. '2100055'.
2025-12-08 17:09:58,368 - TRATAMENTO - INFO - Finalização do processo de remoção das colunas com valores Nulos e formatação do dataset.
2025-12-08 17:09:58,368 - TRATAMENTO - INFO - Iniciando a conversão de tipos. Buscando colunas 'ano' ou 'idade' para 'Int64'.
2025-12-08 17:09:58,369 - TRATAMENTO - INFO - SUCESSO: Coluna 'Ano' (tipo anterior: float64) convertida para 'Int64' (suporte a nulos).
2025-12-08 17:09:58,369 - TRATAMENTO - INFO - Fim da verificação de tipo. Total de 1 coluna(s) convertida(s).
2025-12-08 17:09:58,369 - TRATAMENTO - INFO - Finalização da leitura e tratamento do arquivo: população_residente_por_municipio.csv.
2025-12-08 17:09:58,370 - TRATAMENTO - INFO - Arquivo população_residente_por_municipio_limpo salvo com sucesso na pasta: arquivos-limpos
2025-12-08 17:09:58,370 - TRATAMENTO - INFO - ------------------------------------------------------------------------------------------------------------------------
2025-12-08 17:09:58,370 - TRATAMENTO - INFO - Iniciando a leitura e tratamento do arquivo: quantidade_de_residentes_rurais_por_municipio.csv.
2025-12-08 17:09:58,371 - TRATAMENTO - INFO - Iniciando a remoção das colunas com valores Nulos e formatação do dataset.
2025-12-08 17:09:58,371 - TRATAMENTO - INFO - SUCESSO: Linha '220' ('Fonte: IBGE') e as subsequentes foram removidas.
2025-12-08 17:09:58,372 - TRATAMENTO - INFO - SUCESSO: Linhas descartadas antes do primeiro município. Novo DataFrame começa com o Cód. '2100055'.
2025-12-08 17:09:58,372 - TRATAMENTO - INFO - Finalização do processo de remoção das colunas com valores Nulos e formatação do dataset.
2025-12-08 17:09:58,372 - TRATAMENTO - INFO - Iniciando a conversão de tipos. Buscando colunas 'ano' ou 'idade' para 'Int64'.
2025-12-08 17:09:58,373 - TRATAMENTO - INFO - SUCESSO: Coluna 'Ano x Situação do domicílio' (tipo anterior: int64) convertida para 'Int64' (suporte a nulos).
2025-12-08 17:09:58,373 - TRATAMENTO - INFO - Fim da verificação de tipo. Total de 1 coluna(s) convertida(s).
2025-12-08 17:09:58,373 - TRATAMENTO - INFO - Finalização da leitura e tratamento do arquivo: quantidade_de_residentes_rurais_por_municipio.csv.
2025-12-08 17:09:58,374 - TRATAMENTO - INFO - Arquivo quantidade_de_residentes_rurais_por_municipio_limpo salvo com sucesso na pasta: arquivos-limpos
2025-12-08 17:09:58,374 - TRATAMENTO - INFO - ------------------------------------------------------------------------------------------------------------------------
2025-12-08 17:09:58,374 - TRATAMENTO - INFO - Iniciando a leitura e tratamento do arquivo: quantidade_de_residentes_urbanos_por_municipio.csv.
2025-12-08 17:09:58,375 - TRATAMENTO - INFO - Iniciando a remoção das colunas com valores Nulos e formatação do dataset.
2025-12-08 17:09:58,376 - TRATAMENTO - INFO - SUCESSO: Linha '220' ('Fonte: IBGE') e as subsequentes foram removidas.
2025-12-08 17:09:58,377 - TRATAMENTO - INFO - SUCESSO: Linhas descartadas antes do primeiro município. Novo DataFrame começa com o Cód. '2100055'.
2025-12-08 17:09:58,377 - TRATAMENTO - INFO - Finalização do processo de remoção das colunas com valores Nulos e formatação do dataset.
2025-12-08 17:09:58,377 - TRATAMENTO - INFO - Iniciando a conversão de tipos. Buscando colunas 'ano' ou 'idade' para 'Int64'.
2025-12-08 17:09:58,378 - TRATAMENTO - INFO - SUCESSO: Coluna 'Ano x Situação do domicílio' (tipo anterior: int64) convertida para 'Int64' (suporte a nulos).
2025-12-08 17:09:58,378 - TRATAMENTO - INFO - Fim da verificação de tipo. Total de 1 coluna(s) convertida(s).
2025-12-08 17:09:58,378 - TRATAMENTO - INFO - Finalização da leitura e tratamento do arquivo: quantidade_de_residentes_urbanos_por_municipio.csv.
2025-12-08 17:09:58,379 - TRATAMENTO - INFO - Arquivo quantidade_de_residentes_urbanos_por_municipio_limpo salvo com sucesso na pasta: arquivos-limpos
2025-12-08 17:09:58,379 - TRATAMENTO - INFO - ------------------------------------------------------------------------------------------------------------------------
2025-12-08 17:09:58,379 - TRATAMENTO - INFO - Iniciando a leitura e tratamento do arquivo: quantidade_de_mulheres_por_municipio.csv.
2025-12-08 17:09:58,380 - TRATAMENTO - INFO - Iniciando a remoção das colunas com valores Nulos e formatação do dataset.
2025-12-08 17:09:58,380 - TRATAMENTO - INFO - SUCESSO: Linha '220' ('Fonte: IBGE') e as subsequentes foram removidas.
2025-12-08 17:09:58,381 - TRATAMENTO - INFO - SUCESSO: Linhas descartadas antes do primeiro município. Novo DataFrame começa com o Cód. '2100055'.
2025-12-08 17:09:58,381 - TRATAMENTO - INFO - Finalização do processo de remoção das colunas com valores Nulos e formatação do dataset.
2025-12-08 17:09:58,381 - TRATAMENTO - INFO - Iniciando a conversão de tipos. Buscando colunas 'ano' ou 'idade' para 'Int64'.
2025-12-08 17:09:58,382 - TRATAMENTO - INFO - SUCESSO: Coluna 'Ano x Sexo x Idade' (tipo anterior: int64) convertida para 'Int64' (suporte a nulos).
2025-12-08 17:09:58,382 - TRATAMENTO - INFO - Fim da verificação de tipo. Total de 1 coluna(s) convertida(s).
2025-12-08 17:09:58,383 - TRATAMENTO - INFO - Finalização da leitura e tratamento do arquivo: quantidade_de_mulheres_por_municipio.csv.
2025-12-08 17:09:58,383 - TRATAMENTO - INFO - Arquivo quantidade_de_mulheres_por_municipio_limpo salvo com sucesso na pasta: arquivos-limpos
2025-12-08 17:09:58,383 - TRATAMENTO - INFO - ------------------------------------------------------------------------------------------------------------------------
2025-12-08 17:09:58,383 - TRATAMENTO - INFO - Tempo de execução da função tratamento_arquivos_csv_IBGE_SIDRA: 0.03 segundos
